2024-09-24 10:09:20.425 +10:00 [WRN] Sensitive data logging is enabled. Log entries and exception messages may include sensitive application data; this mode should only be enabled during development.
2024-09-24 10:09:20.493 +10:00 [WRN] The entity type 'Address' is an optional dependent using table sharing without any required non shared property that could be used to identify whether the entity exists. If all nullable properties contain a null value in database then an object instance won't be created in the query. Add a required property to create instances with null values for other properties or mark the incoming navigation as required to always create an instance.
2024-09-24 10:09:20.501 +10:00 [WRN] No store type was specified for the decimal property 'Price' on entity type 'Dish'. This will cause values to be silently truncated if they do not fit in the default precision and scale. Explicitly specify the SQL server column type that can accommodate all the values in 'OnModelCreating' using 'HasColumnType', specify precision and scale using 'HasPrecision', or configure a value converter using 'HasConversion'.
2024-09-24 10:09:21.453 +10:00 [INF] Executed DbCommand (21ms) [Parameters=[], CommandType='"Text"', CommandTimeout='30']
SELECT 1
2024-09-24 10:09:21.617 +10:00 [INF] Executed DbCommand (18ms) [Parameters=[], CommandType='"Text"', CommandTimeout='30']
SELECT CASE
    WHEN EXISTS (
        SELECT 1
        FROM [Restaurants] AS [r]) THEN CAST(1 AS bit)
    ELSE CAST(0 AS bit)
END
2024-09-24 10:09:23.746 +10:00 [INF] HTTP GET /swagger responded 404 in 1.4972 ms
2024-09-24 10:09:58.179 +10:00 [INF] Getting all restaurants
2024-09-24 10:09:58.322 +10:00 [INF] Executed DbCommand (32ms) [Parameters=[], CommandType='"Text"', CommandTimeout='30']
SELECT [r].[Id], [r].[Category], [r].[ContactEmail], [r].[ContactNumber], [r].[Description], [r].[HasDelivery], [r].[Name], [r].[Address_City], [r].[Address_PostCode], [r].[Address_Street]
FROM [Restaurants] AS [r]
2024-09-24 10:09:58.601 +10:00 [INF] HTTP GET /api/restaurants responded 200 in 548.1470 ms
2024-09-24 10:21:59.956 +10:00 [WRN] Sensitive data logging is enabled. Log entries and exception messages may include sensitive application data; this mode should only be enabled during development.
2024-09-24 10:22:00.040 +10:00 [WRN] The entity type 'Address' is an optional dependent using table sharing without any required non shared property that could be used to identify whether the entity exists. If all nullable properties contain a null value in database then an object instance won't be created in the query. Add a required property to create instances with null values for other properties or mark the incoming navigation as required to always create an instance.
2024-09-24 10:22:00.048 +10:00 [WRN] No store type was specified for the decimal property 'Price' on entity type 'Dish'. This will cause values to be silently truncated if they do not fit in the default precision and scale. Explicitly specify the SQL server column type that can accommodate all the values in 'OnModelCreating' using 'HasColumnType', specify precision and scale using 'HasPrecision', or configure a value converter using 'HasConversion'.
2024-09-24 10:22:01.719 +10:00 [INF] Getting all restaurants
2024-09-24 10:22:01.921 +10:00 [INF] HTTP GET /swagger responded 404 in 0.2006 ms
2024-09-24 10:22:01.981 +10:00 [INF] HTTP GET /api/restaurants responded 200 in 352.4631 ms
2024-09-24 10:22:25.348 +10:00 [INF] Getting all restaurants
2024-09-24 10:22:25.429 +10:00 [INF] HTTP GET /api/restaurants responded 200 in 82.1593 ms
2024-09-24 10:23:23.925 +10:00 [WRN] Sensitive data logging is enabled. Log entries and exception messages may include sensitive application data; this mode should only be enabled during development.
2024-09-24 10:23:23.990 +10:00 [WRN] The entity type 'Address' is an optional dependent using table sharing without any required non shared property that could be used to identify whether the entity exists. If all nullable properties contain a null value in database then an object instance won't be created in the query. Add a required property to create instances with null values for other properties or mark the incoming navigation as required to always create an instance.
2024-09-24 10:23:23.998 +10:00 [WRN] No store type was specified for the decimal property 'Price' on entity type 'Dish'. This will cause values to be silently truncated if they do not fit in the default precision and scale. Explicitly specify the SQL server column type that can accommodate all the values in 'OnModelCreating' using 'HasColumnType', specify precision and scale using 'HasPrecision', or configure a value converter using 'HasConversion'.
2024-09-24 10:23:25.192 +10:00 [INF] Getting a restaurant by Id 666
2024-09-24 10:23:25.482 +10:00 [INF] HTTP GET /swagger responded 404 in 0.1533 ms
2024-09-24 10:23:25.492 +10:00 [INF] HTTP GET /api/restaurants/666 responded 404 in 450.7611 ms
2024-09-24 10:23:27.181 +10:00 [INF] Getting a restaurant by Id 666
2024-09-24 10:23:27.227 +10:00 [INF] HTTP GET /api/restaurants/666 responded 404 in 48.6291 ms
2024-09-24 10:23:28.721 +10:00 [INF] Getting a restaurant by Id 666
2024-09-24 10:23:28.726 +10:00 [INF] HTTP GET /api/restaurants/666 responded 404 in 7.8253 ms
{"@t":"2024-09-24T00:26:12.3038728Z","@mt":"Sensitive data logging is enabled. Log entries and exception messages may include sensitive application data; this mode should only be enabled during development.","@l":"Warning","EventId":{"Id":10400,"Name":"Microsoft.EntityFrameworkCore.Infrastructure.SensitiveDataLoggingEnabledWarning"},"SourceContext":"Microsoft.EntityFrameworkCore.Model.Validation"}
{"@t":"2024-09-24T00:26:12.3709537Z","@mt":"The entity type '{entityType}' is an optional dependent using table sharing without any required non shared property that could be used to identify whether the entity exists. If all nullable properties contain a null value in database then an object instance won't be created in the query. Add a required property to create instances with null values for other properties or mark the incoming navigation as required to always create an instance.","@l":"Warning","entityType":"Address","EventId":{"Id":20606,"Name":"Microsoft.EntityFrameworkCore.Model.Validation.OptionalDependentWithoutIdentifyingPropertyWarning"},"SourceContext":"Microsoft.EntityFrameworkCore.Model.Validation"}
{"@t":"2024-09-24T00:26:12.3810152Z","@mt":"No store type was specified for the decimal property '{property}' on entity type '{entityType}'. This will cause values to be silently truncated if they do not fit in the default precision and scale. Explicitly specify the SQL server column type that can accommodate all the values in 'OnModelCreating' using 'HasColumnType', specify precision and scale using 'HasPrecision', or configure a value converter using 'HasConversion'.","@l":"Warning","property":"Price","entityType":"Dish","EventId":{"Id":30000,"Name":"Microsoft.EntityFrameworkCore.Model.Validation.DecimalTypeDefaultWarning"},"SourceContext":"Microsoft.EntityFrameworkCore.Model.Validation"}
{"@t":"2024-09-24T00:26:13.8808884Z","@mt":"HTTP {RequestMethod} {RequestPath} responded {StatusCode} in {Elapsed:0.0000} ms","@r":["2.0577"],"@tr":"6921db097c592b75288e6b4b0033f011","@sp":"7c975785bc9abc3d","RequestMethod":"GET","RequestPath":"/swagger","StatusCode":404,"Elapsed":2.0577,"SourceContext":"Serilog.AspNetCore.RequestLoggingMiddleware"}
{"@t":"2024-09-24T00:26:35.1225275Z","@mt":"Getting all restaurants","@tr":"34b27b396bc53a5693a5f07d1108805a","@sp":"76f36131c3321c0a","SourceContext":"Restaurants.Application.Restaurants.Dtos.RestaurantDto","ActionId":"c5c72542-89a6-4619-bef8-1c9919a595da","ActionName":"Restaurants.API.Controllers.RestaurantsController.GetAll (Restaurants.API)","RequestId":"0HN6S5TVJSHRV:00000001","RequestPath":"/api/restaurants","ConnectionId":"0HN6S5TVJSHRV"}
{"@t":"2024-09-24T00:26:35.3118004Z","@mt":"HTTP {RequestMethod} {RequestPath} responded {StatusCode} in {Elapsed:0.0000} ms","@r":["258.4246"],"@tr":"34b27b396bc53a5693a5f07d1108805a","@sp":"76f36131c3321c0a","RequestMethod":"GET","RequestPath":"/api/restaurants","StatusCode":200,"Elapsed":258.4246,"SourceContext":"Serilog.AspNetCore.RequestLoggingMiddleware"}
{"@t":"2024-09-24T00:26:38.3622820Z","@mt":"Getting a restaurant by Id {RestaurantId}","@tr":"ef343366ca8665501b0ef9b25398a24f","@sp":"951c23f49f0e4937","RestaurantId":666,"SourceContext":"Restaurants.Application.Restaurants.Queries.GetRestaurantById.GetRestaurantByIdQuery","ActionId":"30fe4cc4-a4ee-481e-8ebb-c53e479ef282","ActionName":"Restaurants.API.Controllers.RestaurantsController.GettById (Restaurants.API)","RequestId":"0HN6S5TVJSHRV:00000002","RequestPath":"/api/restaurants/666","ConnectionId":"0HN6S5TVJSHRV"}
{"@t":"2024-09-24T00:26:38.4951520Z","@mt":"HTTP {RequestMethod} {RequestPath} responded {StatusCode} in {Elapsed:0.0000} ms","@r":["160.3914"],"@tr":"ef343366ca8665501b0ef9b25398a24f","@sp":"951c23f49f0e4937","RequestMethod":"GET","RequestPath":"/api/restaurants/666","StatusCode":404,"Elapsed":160.3914,"SourceContext":"Serilog.AspNetCore.RequestLoggingMiddleware"}
